
2024-09-26 19:54:24,076 - INFO - Script started.
2024-09-26 19:54:24,076 - INFO - /home/demus/Downloads/processed_individuals.ods exists. Loading data.
2024-09-26 19:54:24,147 - INFO - Loading hierarchy from cache.
2024-09-26 19:54:24,147 - INFO - No changes in the base directory. Using cached hierarchy.
2024-09-26 19:54:24,220 - INFO - Reprocessing individual MRS. ESTHER.D. SSEMAZZI D7.
2024-09-26 19:54:24,273 - INFO - Individual MR. SOLOM MPALANYI D 61 already processed. Skipping.
2024-09-26 19:54:24,273 - INFO - Individual MRS. MARGARET .N.N. NSIBIRWA  70 already processed. Skipping.
2024-09-26 19:54:24,274 - INFO - Reprocessing individual Semu Kiwana.
2024-09-26 19:54:24,323 - INFO - Individual Martin Sendagire already processed. Skipping.
2024-09-26 19:54:24,324 - INFO - Individual John Mugabi already processed. Skipping.
2024-09-26 19:54:24,324 - INFO - Reprocessing individual Babirye Nabasirye.
2024-09-26 19:54:24,372 - INFO - Reprocessing individual Pyllis Nalunga.
2024-09-26 19:54:24,419 - INFO - Reprocessing individual Miss Grace Bakunda.
2024-09-26 19:54:24,472 - INFO - Individual Mukwano Personal Care Products already processed. Skipping.
2024-09-26 19:54:24,472 - INFO - Individual Christopher Karugireyo already processed. Skipping.
2024-09-26 19:54:24,473 - INFO - Individual Miss S.D.N. Kiggundu already processed. Skipping.
2024-09-26 19:54:24,473 - INFO - Reprocessing individual Kironde Ramadhan.
2024-09-26 19:54:24,491 - INFO - Found individual folder for Kironde Ramadhan: /home/demus/Scans_2023 - 2024/Mengo Arch/KIRONDE RAMADHAN 124
2024-09-26 19:54:24,491 - INFO - Updated individual name with folder name: Kironde Ramadhan (KIRONDE RAMADHAN 124)
2024-09-26 19:54:24,491 - WARNING - Folder for individual 'Kironde Ramadhan' not found in parish 'Kakeeka'. Attempt 1.
2024-09-26 19:54:24,492 - INFO - Individual Yusuf Katumba already processed. Skipping.
2024-09-26 19:54:24,493 - INFO - Reprocessing individual Timothy Kigula Mpanga Tomusange.
2024-09-26 19:54:24,544 - INFO - Found individual folder for Timothy Kigula Mpanga Tomusange: /home/demus/Scans_2023 - 2024/Deanery/MR TIMOTHY KIGULA MPANGA TOMUSANGE  129
2024-09-26 19:54:24,544 - INFO - Updated individual name with folder name: Timothy Kigula Mpanga Tomusange (MR TIMOTHY KIGULA MPANGA TOMUSANGE  129)
2024-09-26 19:54:24,544 - WARNING - Folder for individual 'Timothy Kigula Mpanga Tomusange' not found in parish 'Namirembe Hill'. Attempt 1.
2024-09-26 19:54:24,545 - INFO - Reprocessing individual Akbarali Dhanji Sayani.
2024-09-26 19:54:24,597 - INFO - Reprocessing individual Sarah Muira Ntale.
2024-09-26 19:54:24,648 - INFO - Reprocessing individual Majoro Lugard.
2024-09-26 19:54:24,648 - INFO - Found individual folder for Majoro Lugard: /home/demus/Scans_2023 - 2024/Gayaza Arch/MR. MAJORO LUGARD  76
2024-09-26 19:54:24,648 - INFO - Updated individual name with folder name: Majoro Lugard (MR. MAJORO LUGARD  76)
2024-09-26 19:54:24,648 - WARNING - Folder for individual 'Majoro Lugard' not found in parish 'Ntinda'. Attempt 1.
2024-09-26 19:54:24,649 - INFO - Reprocessing individual Temutewo Balyokwabwe.
2024-09-26 19:54:24,701 - INFO - Individual Lukuli Church already processed. Skipping.
2024-09-26 19:54:24,701 - INFO - Reprocessing individual Sanyu Jennifer Nvumirwa.
2024-09-26 19:54:24,751 - INFO - Reprocessing individual Mugisha Anna M.
2024-09-26 19:54:24,804 - INFO - Reprocessing individual Arumadri.
2024-09-26 19:54:24,835 - INFO - Found individual folder for Arumadri: /home/demus/Scans_2023 - 2024/Luzira Arch/MR. JOEL ARUMADRI 1104
2024-09-26 19:54:24,836 - INFO - Updated individual name with folder name: Arumadri (MR. JOEL ARUMADRI 1104)
2024-09-26 19:54:24,836 - WARNING - Folder for individual 'Arumadri' not found in parish 'Namirembe'. Attempt 1.
2024-09-26 19:54:24,837 - INFO - Reprocessing individual Jessica Theresa Namala Kizito.
2024-09-26 19:54:24,888 - INFO - Individual Joloba Keziya already processed. Skipping.
2024-09-26 19:54:24,889 - INFO - Individual Joy Badebi Mutesi already processed. Skipping.
2024-09-26 19:54:24,890 - INFO - Reprocessing individual Yona Kizza Gitta.
2024-09-26 19:54:24,940 - INFO - Reprocessing individual Sanyu Jennifer Nvumirwa.
2024-09-26 19:54:24,990 - INFO - Reprocessing individual Florence Nakimwero.
2024-09-26 19:54:25,035 - INFO - Found individual folder for Florence Nakimwero: /home/demus/Scans_2023 - 2024/Deanery/DR. FLORENCE NAKIMWERO NANTULYA 85
2024-09-26 19:54:25,035 - INFO - Updated individual name with folder name: Florence Nakimwero (DR. FLORENCE NAKIMWERO NANTULYA 85)
2024-09-26 19:54:25,035 - WARNING - Folder for individual 'Florence Nakimwero' not found in parish 'Namirembe'. Attempt 1.
2024-09-26 19:54:25,036 - INFO - Reprocessing individual Pauline Okot Kotber.
2024-09-26 19:54:25,081 - INFO - Found individual folder for Pauline Okot Kotber: /home/demus/Scans_2023 - 2024/Deanery/MS PAULINE OKOT KOTBER 86
2024-09-26 19:54:25,081 - INFO - Updated individual name with folder name: Pauline Okot Kotber (MS PAULINE OKOT KOTBER 86)
2024-09-26 19:54:25,081 - WARNING - Folder for individual 'Pauline Okot Kotber' not found in parish 'Namirembe'. Attempt 1.
2024-09-26 19:54:25,082 - INFO - Reprocessing individual Daniel Kibuuka Musoke.
2024-09-26 19:54:25,128 - INFO - Found individual folder for Daniel Kibuuka Musoke: /home/demus/Scans_2023 - 2024/Deanery/DR. DANIEL KIBUUKA MUSOKE 88
2024-09-26 19:54:25,128 - INFO - Updated individual name with folder name: Daniel Kibuuka Musoke (DR. DANIEL KIBUUKA MUSOKE 88)
2024-09-26 19:54:25,128 - WARNING - Folder for individual 'Daniel Kibuuka Musoke' not found in parish 'Balintuma'. Attempt 1.
2024-09-26 19:54:25,130 - INFO - Individual James Nangwala already processed. Skipping.
2024-09-26 19:54:25,130 - INFO - Reprocessing individual Gulf Stream I nvestment Limited.
2024-09-26 19:54:25,180 - INFO - Reprocessing individual Peter Bibagamba C/O Kiconco Annabel B.
2024-09-26 19:54:25,232 - INFO - Individual Dan Ssengendo Lwanga already processed. Skipping.
2024-09-26 19:54:25,232 - INFO - Reprocessing individual kawumi.
2024-09-26 19:54:25,278 - INFO - Found individual folder for kawumi: /home/demus/Scans_2023 - 2024/Deanery/ELIZABETH NANYONJO KAWUMI 142 B
2024-09-26 19:54:25,278 - INFO - Updated individual name with folder name: kawumi (ELIZABETH NANYONJO KAWUMI 142 B)
2024-09-26 19:54:25,278 - WARNING - Folder for individual 'kawumi' not found in parish 'Mengo'. Attempt 1.
2024-09-26 19:54:25,279 - INFO - Reprocessing individual Tabula Rene Wasswa Kayanja.
2024-09-26 19:54:25,326 - INFO - Reprocessing individual Messrs Mohamed Hirjee & sons.
2024-09-26 19:54:25,373 - INFO - Reprocessing individual John Herbert Kitaka Gawera.
2024-09-26 19:54:25,420 - INFO - Reprocessing individual Mulindwa Emmanuel.
2024-09-26 19:54:25,463 - INFO - Found individual folder for Mulindwa Emmanuel: /home/demus/Scans_2023 - 2024/Deanery/MR. EMMANUEL MULINDWA 112
2024-09-26 19:54:25,463 - INFO - Updated individual name with folder name: Mulindwa Emmanuel (MR. EMMANUEL MULINDWA 112)
2024-09-26 19:54:25,463 - WARNING - Folder for individual 'Mulindwa Emmanuel' not found in parish 'Balintuma'. Attempt 1.
2024-09-26 19:54:25,464 - INFO - Reprocessing individual Emmanuel Mulindwa.
2024-09-26 19:54:25,506 - INFO - Found individual folder for Emmanuel Mulindwa: /home/demus/Scans_2023 - 2024/Deanery/MR. EMMANUEL MULINDWA 112
2024-09-26 19:54:25,506 - INFO - Updated individual name with folder name: Emmanuel Mulindwa (MR. EMMANUEL MULINDWA 112)
2024-09-26 19:54:25,506 - WARNING - Folder for individual 'Emmanuel Mulindwa' not found in parish 'Balintuma'. Attempt 1.
2024-09-26 19:54:25,507 - INFO - Reprocessing individual Florence Nakimwero.
2024-09-26 19:54:25,551 - INFO - Found individual folder for Florence Nakimwero: /home/demus/Scans_2023 - 2024/Deanery/DR. FLORENCE NAKIMWERO NANTULYA 85
2024-09-26 19:54:25,551 - INFO - Updated individual name with folder name: Florence Nakimwero (DR. FLORENCE NAKIMWERO NANTULYA 85)
2024-09-26 19:54:25,551 - WARNING - Folder for individual 'Florence Nakimwero' not found in parish 'Namirembe'. Attempt 2.
2024-09-26 19:54:25,552 - INFO - Reprocessing individual Pauline Okot Kotber.
2024-09-26 19:54:25,596 - INFO - Found individual folder for Pauline Okot Kotber: /home/demus/Scans_2023 - 2024/Deanery/MS PAULINE OKOT KOTBER 86
2024-09-26 19:54:25,596 - INFO - Updated individual name with folder name: Pauline Okot Kotber (MS PAULINE OKOT KOTBER 86)
2024-09-26 19:54:25,596 - WARNING - Folder for individual 'Pauline Okot Kotber' not found in parish 'Namirembe'. Attempt 2.
2024-09-26 19:54:25,597 - INFO - Reprocessing individual Daniel Kibuuka Musoke.
2024-09-26 19:54:25,643 - INFO - Found individual folder for Daniel Kibuuka Musoke: /home/demus/Scans_2023 - 2024/Deanery/DR. DANIEL KIBUUKA MUSOKE 88
2024-09-26 19:54:25,643 - INFO - Updated individual name with folder name: Daniel Kibuuka Musoke (DR. DANIEL KIBUUKA MUSOKE 88)
2024-09-26 19:54:25,643 - WARNING - Folder for individual 'Daniel Kibuuka Musoke' not found in parish 'Balintuma'. Attempt 2.
2024-09-26 19:54:25,644 - INFO - Reprocessing individual Gulf Stream I nvestment Limited.
2024-09-26 19:54:25,692 - INFO - Reprocessing individual Peter Bibagamba C/O Kiconco Annabel B.
2024-09-26 19:54:25,742 - INFO - Individual Dan Ssengendo Lwanga already processed. Skipping.
2024-09-26 19:54:25,743 - INFO - Reprocessing individual kawumi.
2024-09-26 19:54:25,785 - INFO - Found individual folder for kawumi: /home/demus/Scans_2023 - 2024/Deanery/ELIZABETH NANYONJO KAWUMI 142 B
2024-09-26 19:54:25,785 - INFO - Updated individual name with folder name: kawumi (ELIZABETH NANYONJO KAWUMI 142 B)
2024-09-26 19:54:25,785 - WARNING - Folder for individual 'kawumi' not found in parish 'Mengo'. Attempt 2.
2024-09-26 19:54:25,786 - INFO - Reprocessing individual Tabula Rene Wasswa Kayanja.
2024-09-26 19:54:25,839 - INFO - Reprocessing individual Messrs Mohamed Hirjee & sons.
2024-09-26 19:54:25,889 - INFO - Reprocessing individual John Herbert Kitaka Gawera.
2024-09-26 19:54:25,939 - INFO - Reprocessing individual Mulindwa Emmanuel.
2024-09-26 19:54:25,983 - INFO - Found individual folder for Mulindwa Emmanuel: /home/demus/Scans_2023 - 2024/Deanery/MR. EMMANUEL MULINDWA 112
2024-09-26 19:54:25,983 - INFO - Updated individual name with folder name: Mulindwa Emmanuel (MR. EMMANUEL MULINDWA 112)
2024-09-26 19:54:25,983 - WARNING - Folder for individual 'Mulindwa Emmanuel' not found in parish 'Balintuma'. Attempt 2.
2024-09-26 19:54:25,984 - INFO - Reprocessing individual Emmanuel Mulindwa.
2024-09-26 19:54:26,027 - INFO - Found individual folder for Emmanuel Mulindwa: /home/demus/Scans_2023 - 2024/Deanery/MR. EMMANUEL MULINDWA 112
2024-09-26 19:54:26,027 - INFO - Updated individual name with folder name: Emmanuel Mulindwa (MR. EMMANUEL MULINDWA 112)
2024-09-26 19:54:26,027 - WARNING - Folder for individual 'Emmanuel Mulindwa' not found in parish 'Balintuma'. Attempt 2.
2024-09-26 19:54:26,028 - INFO - Reprocessing individual Maureen Owor.
2024-09-26 19:54:26,075 - INFO - Reprocessing individual Gulf Stream Investment Limited.
2024-09-26 19:54:26,110 - INFO - Found individual folder for Gulf Stream Investment Limited: /home/demus/Scans_2023 - 2024/Other Files/GULF STREAM INVESTMENTS UG [LTD] 92
2024-09-26 19:54:26,110 - INFO - Updated individual name with folder name: Gulf Stream Investment Limited (GULF STREAM INVESTMENTS UG [LTD] 92)
2024-09-26 19:54:26,111 - WARNING - Folder for individual 'Gulf Stream Investment Limited' not found in parish 'Namirembe Hill'. Attempt 1.
2024-09-26 19:54:26,111 - INFO - Reprocessing individual Maureen Owor.
2024-09-26 19:54:26,159 - INFO - Reprocessing individual Late Serwano B Kigozi.
2024-09-26 19:54:26,207 - INFO - Reprocessing individual Absalom Segendo.
2024-09-26 19:54:26,253 - INFO - Individual Rev Benon Kiwanuka already processed. Skipping.
2024-09-26 19:54:26,254 - INFO - Individual Rogers Kyeyune already processed. Skipping.
2024-09-26 19:54:26,254 - INFO - Reprocessing individual Gerard M.K Kayondo.
2024-09-26 19:54:26,302 - INFO - Reprocessing individual Lwanga Paulo Kakoma.
2024-09-26 19:54:26,349 - INFO - Reprocessing individual Mr. & Mrs. Gad .K. Gasatura.
2024-09-26 19:54:26,400 - INFO - Individual Christopher Karugireyo already processed. Skipping.
2024-09-26 19:54:26,400 - INFO - Reprocessing individual Kironde Ramadhan.
2024-09-26 19:54:26,415 - INFO - Found individual folder for Kironde Ramadhan: /home/demus/Scans_2023 - 2024/Mengo Arch/KIRONDE RAMADHAN 124
2024-09-26 19:54:26,416 - INFO - Updated individual name with folder name: Kironde Ramadhan (KIRONDE RAMADHAN 124)
2024-09-26 19:54:26,416 - WARNING - Folder for individual 'Kironde Ramadhan' not found in parish 'Kakeeka'. Attempt 2.
2024-09-26 19:54:26,416 - INFO - Individual Yusuf Katumba already processed. Skipping.
2024-09-26 19:54:26,417 - INFO - Reprocessing individual Timothy Kigula Mpanga Tomusange.
2024-09-26 19:54:26,462 - INFO - Found individual folder for Timothy Kigula Mpanga Tomusange: /home/demus/Scans_2023 - 2024/Deanery/MR TIMOTHY KIGULA MPANGA TOMUSANGE  129
2024-09-26 19:54:26,462 - INFO - Updated individual name with folder name: Timothy Kigula Mpanga Tomusange (MR TIMOTHY KIGULA MPANGA TOMUSANGE  129)
2024-09-26 19:54:26,462 - WARNING - Folder for individual 'Timothy Kigula Mpanga Tomusange' not found in parish 'Namirembe'. Attempt 2.
2024-09-26 19:54:26,463 - INFO - Reprocessing individual Eli Masha Atwooki.
2024-09-26 19:54:26,514 - INFO - Reprocessing individual Birungi Simpson.
2024-09-26 19:54:26,557 - INFO - Found individual folder for Birungi Simpson: /home/demus/Scans_2023 - 2024/Deanery/MR. BIRUNGI SIMPSON D 26
2024-09-26 19:54:26,557 - INFO - Updated individual name with folder name: Birungi Simpson (MR. BIRUNGI SIMPSON D 26)
2024-09-26 19:54:26,557 - WARNING - Folder for individual 'Birungi Simpson' not found in parish 'Namirembe'. Attempt 1.
2024-09-26 19:54:26,558 - INFO - Individual Sarah Muwanga already processed. Skipping.
2024-09-26 19:54:26,559 - INFO - Reprocessing individual Juliane Kabejja & Ivan Bunjako.
2024-09-26 19:54:26,605 - INFO - Found individual folder for Juliane Kabejja & Ivan Bunjako: /home/demus/Scans_2023 - 2024/Deanery/MS. JULIANNE KABEJJA AND  MR. IVAN BUNJAKO 140
2024-09-26 19:54:26,606 - INFO - Updated individual name with folder name: Juliane Kabejja & Ivan Bunjako (MS. JULIANNE KABEJJA AND  MR. IVAN BUNJAKO 140)
2024-09-26 19:54:26,606 - WARNING - Folder for individual 'Juliane Kabejja & Ivan Bunjako' not found in parish 'Namirembe'. Attempt 1.
2024-09-26 19:54:26,607 - INFO - Reprocessing individual Sanyu Nakyazze Katimbo.
2024-09-26 19:54:26,654 - INFO - Reprocessing individual Elizabeth Nanyonjo Kawumi.
2024-09-26 19:54:26,697 - INFO - Found individual folder for Elizabeth Nanyonjo Kawumi: /home/demus/Scans_2023 - 2024/Deanery/ELIZABETH NANYONJO KAWUMI 142 B
2024-09-26 19:54:26,697 - INFO - Updated individual name with folder name: Elizabeth Nanyonjo Kawumi (ELIZABETH NANYONJO KAWUMI 142 B)
2024-09-26 19:54:26,698 - WARNING - Folder for individual 'Elizabeth Nanyonjo Kawumi' not found in parish 'Namirembe'. Attempt 1.
2024-09-26 19:54:26,698 - INFO - Individual Maureen Owori already processed. Skipping.
2024-09-26 19:54:26,699 - INFO - Reprocessing individual Late Serwano B Kigozi.
2024-09-26 19:54:26,746 - INFO - Reprocessing individual Absalom Segendo.
2024-09-26 19:54:26,792 - INFO - Individual Rev Benon Kiwanuka already processed. Skipping.
2024-09-26 19:54:26,793 - INFO - Individual Rogers Kyeyune already processed. Skipping.
2024-09-26 19:54:26,793 - INFO - Reprocessing individual Gerald M.K Kayondo.
2024-09-26 19:54:26,837 - INFO - Found individual folder for Gerald M.K Kayondo: /home/demus/Scans_2023 - 2024/Deanery/MR GERALD M.K. KAYONDO 230
2024-09-26 19:54:26,837 - INFO - Updated individual name with folder name: Gerald M.K Kayondo (MR GERALD M.K. KAYONDO 230)
2024-09-26 19:54:26,837 - WARNING - Folder for individual 'Gerald M.K Kayondo' not found in parish 'Balintuma'. Attempt 1.
2024-09-26 19:54:26,838 - INFO - Reprocessing individual Lwanga Paulo Kakoma.
2024-09-26 19:54:26,887 - INFO - Reprocessing individual Mr. & Mrs. Gad .K. Gasatura.
2024-09-26 19:54:26,939 - INFO - Reprocessing individual Timothy Kigula Mpanga Tomusange.
2024-09-26 19:54:26,985 - INFO - Found individual folder for Timothy Kigula Mpanga Tomusange: /home/demus/Scans_2023 - 2024/Deanery/MR TIMOTHY KIGULA MPANGA TOMUSANGE  129
2024-09-26 19:54:26,986 - INFO - Updated individual name with folder name: Timothy Kigula Mpanga Tomusange (MR TIMOTHY KIGULA MPANGA TOMUSANGE  129)
2024-09-26 19:54:26,986 - WARNING - Folder for individual 'Timothy Kigula Mpanga Tomusange' not found in parish 'Namirembe'. Attempt 3.
2024-09-26 19:54:26,986 - INFO - Individual Eli Masha Atwoki already processed. Skipping.
2024-09-26 19:54:26,987 - INFO - Reprocessing individual Birungi Simpson.
2024-09-26 19:54:27,032 - INFO - Found individual folder for Birungi Simpson: /home/demus/Scans_2023 - 2024/Deanery/MR. BIRUNGI SIMPSON D 26
2024-09-26 19:54:27,032 - INFO - Updated individual name with folder name: Birungi Simpson (MR. BIRUNGI SIMPSON D 26)
2024-09-26 19:54:27,032 - WARNING - Folder for individual 'Birungi Simpson' not found in parish 'Namirembe'. Attempt 2.
2024-09-26 19:54:27,033 - INFO - Individual Sarah Muwanga already processed. Skipping.
2024-09-26 19:54:27,034 - INFO - Reprocessing individual Juliane Kabejja & Ivan Bunjako.
2024-09-26 19:54:27,083 - INFO - Found individual folder for Juliane Kabejja & Ivan Bunjako: /home/demus/Scans_2023 - 2024/Deanery/MS. JULIANNE KABEJJA AND  MR. IVAN BUNJAKO 140
2024-09-26 19:54:27,083 - INFO - Updated individual name with folder name: Juliane Kabejja & Ivan Bunjako (MS. JULIANNE KABEJJA AND  MR. IVAN BUNJAKO 140)
2024-09-26 19:54:27,083 - WARNING - Folder for individual 'Juliane Kabejja & Ivan Bunjako' not found in parish 'Namirembe'. Attempt 2.
2024-09-26 19:54:27,084 - INFO - Reprocessing individual Sanyu Nakyazze Katimbo.
2024-09-26 19:54:27,134 - INFO - Reprocessing individual Elizabeth Nanyonjo Kaumi.
2024-09-26 19:54:27,181 - INFO - Found individual folder for Elizabeth Nanyonjo Kaumi: /home/demus/Scans_2023 - 2024/Deanery/ELIZABETH NANYONJO KAWUMI 142 B
2024-09-26 19:54:27,181 - INFO - Updated individual name with folder name: Elizabeth Nanyonjo Kaumi (ELIZABETH NANYONJO KAWUMI 142 B)
2024-09-26 19:54:27,181 - WARNING - Folder for individual 'Elizabeth Nanyonjo Kaumi' not found in parish 'Namirembe'. Attempt 1.
2024-09-26 19:54:27,182 - INFO - Reprocessing individual Estates of the Late Nalima Grace Kulubya.
2024-09-26 19:54:27,230 - INFO - Found individual folder for Estates of the Late Nalima Grace Kulubya: /home/demus/Scans_2023 - 2024/Deanery/GRACE NALIMA KULUBYA 143
2024-09-26 19:54:27,230 - INFO - Updated individual name with folder name: Estates of the Late Nalima Grace Kulubya (GRACE NALIMA KULUBYA 143)
2024-09-26 19:54:27,230 - WARNING - Folder for individual 'Estates of the Late Nalima Grace Kulubya' not found in parish 'Namirembe'. Attempt 1.
2024-09-26 19:54:27,231 - INFO - Reprocessing individual Mutaabazi Francis.
2024-09-26 19:54:27,276 - INFO - Found individual folder for Mutaabazi Francis: /home/demus/Scans_2023 - 2024/Deanery/MR MUTAABAZI FRANCIS 145
2024-09-26 19:54:27,276 - INFO - Updated individual name with folder name: Mutaabazi Francis (MR MUTAABAZI FRANCIS 145)
2024-09-26 19:54:27,276 - WARNING - Folder for individual 'Mutaabazi Francis' not found in parish 'Namirembe'. Attempt 1.
2024-09-26 19:54:27,277 - INFO - Reprocessing individual Hanifa Nassanga.
2024-09-26 19:54:27,317 - INFO - Found individual folder for Hanifa Nassanga: /home/demus/Scans_2023 - 2024/Kazo Arch/MS. HANIFA NASSANGA  146 A
2024-09-26 19:54:27,317 - INFO - Updated individual name with folder name: Hanifa Nassanga (MS. HANIFA NASSANGA  146 A)
2024-09-26 19:54:27,317 - WARNING - Folder for individual 'Hanifa Nassanga' not found in parish 'Lower Namirembe'. Attempt 1.
2024-09-26 19:54:27,318 - INFO - Reprocessing individual Hanifa Nassanga.
2024-09-26 19:54:27,357 - INFO - Found individual folder for Hanifa Nassanga: /home/demus/Scans_2023 - 2024/Kazo Arch/MS. HANIFA NASSANGA  146 A
2024-09-26 19:54:27,357 - INFO - Updated individual name with folder name: Hanifa Nassanga (MS. HANIFA NASSANGA  146 A)
2024-09-26 19:54:27,357 - WARNING - Folder for individual 'Hanifa Nassanga' not found in parish 'Lower Namirembe'. Attempt 2.
2024-09-26 19:54:27,358 - INFO - Individual Miss S.D.N. Kiggundu already processed. Skipping.
2024-09-26 19:54:27,359 - INFO - Reprocessing individual Francis Kalema.
2024-09-26 19:54:27,398 - INFO - Found individual folder for Francis Kalema: /home/demus/Scans_2023 - 2024/Kazo Arch/FRANCIS KALEMA 149
2024-09-26 19:54:27,398 - INFO - Updated individual name with folder name: Francis Kalema (FRANCIS KALEMA 149)
2024-09-26 19:54:27,398 - WARNING - Folder for individual 'Francis Kalema' not found in parish 'Sentema rd'. Attempt 1.
2024-09-26 19:54:27,399 - INFO - Reprocessing individual Auntie Claire Kindergaten.
2024-09-26 19:54:27,404 - INFO - Found individual folder for Auntie Claire Kindergaten: /home/demus/Scans_2023 - 2024/Schools/ANTIE CLAIRES KINDERGARTEN 150
2024-09-26 19:54:27,404 - INFO - Updated individual name with folder name: Auntie Claire Kindergaten (ANTIE CLAIRES KINDERGARTEN 150)
2024-09-26 19:54:27,404 - WARNING - Folder for individual 'Auntie Claire Kindergaten' not found in parish 'Sentema rd'. Attempt 1.
2024-09-26 19:54:27,405 - INFO - Reprocessing individual Kansiime Mabel Tinkasimire.
2024-09-26 19:54:27,451 - INFO - Reprocessing individual Vincent Kityamuweesi Musuubire.
2024-09-26 19:54:27,498 - INFO - Individual Rosette Lubwama already processed. Skipping.
2024-09-26 19:54:27,498 - INFO - Individual Dr. H.J. Mayanja already processed. Skipping.
2024-09-26 19:54:27,498 - INFO - Individual K.C Mabaale already processed. Skipping.
2024-09-26 19:54:27,499 - INFO - Individual E.F. Mbatudde already processed. Skipping.
2024-09-26 19:54:27,499 - INFO - Individual Moses Lwanga and 2 others already processed. Skipping.
2024-09-26 19:54:27,499 - INFO - Reprocessing individual Akwebembeize Arthur.
2024-09-26 19:54:27,547 - INFO - Found individual folder for Akwebembeize Arthur: /home/demus/Scans_2023 - 2024/Deanery/AKWEBEMBEIZE ARTHUR 160
2024-09-26 19:54:27,547 - INFO - Updated individual name with folder name: Akwebembeize Arthur (AKWEBEMBEIZE ARTHUR 160)
2024-09-26 19:54:27,547 - WARNING - Folder for individual 'Akwebembeize Arthur' not found in parish 'Namirembe, Block 10, Plot 400'. Attempt 1.
2024-09-26 19:54:27,548 - INFO - Reprocessing individual Family of the late Yosamu S.K. Mukasa.
2024-09-26 19:54:27,569 - INFO - Found individual folder for Family of the late Yosamu S.K. Mukasa: /home/demus/Scans_2023 - 2024/Mengo Arch/MR. YOSAMU S.K. MUKASA 161
2024-09-26 19:54:27,569 - INFO - Updated individual name with folder name: Family of the late Yosamu S.K. Mukasa (MR. YOSAMU S.K. MUKASA 161)
2024-09-26 19:54:27,569 - WARNING - Folder for individual 'Family of the late Yosamu S.K. Mukasa' not found in parish 'Masajja, Block 273, Plot 664'. Attempt 1.
2024-09-26 19:54:27,570 - INFO - Reprocessing individual Mugerwa Getrude.
2024-09-26 19:54:27,616 - INFO - Individual Lillian Mwesigwa already processed. Skipping.
2024-09-26 19:54:27,617 - INFO - Reprocessing individual Mathias Kasaija Tibamwenda.
2024-09-26 19:54:27,661 - INFO - Found individual folder for Mathias Kasaija Tibamwenda: /home/demus/Scans_2023 - 2024/Deanery/MATHIAS KASALITA TIBAMWENDA 164
2024-09-26 19:54:27,661 - INFO - Updated individual name with folder name: Mathias Kasaija Tibamwenda (MATHIAS KASALITA TIBAMWENDA 164)
2024-09-26 19:54:27,661 - WARNING - Folder for individual 'Mathias Kasaija Tibamwenda' not found in parish 'Namirembe, Canon Njuba'. Attempt 1.
2024-09-26 19:54:27,662 - INFO - Reprocessing individual Mutesasira Mary.
2024-09-26 19:54:27,706 - INFO - Found individual folder for Mutesasira Mary: /home/demus/Scans_2023 - 2024/Deanery/MRS MUTESASIRA  MARY 166
2024-09-26 19:54:27,706 - INFO - Updated individual name with folder name: Mutesasira Mary (MRS MUTESASIRA  MARY 166)
2024-09-26 19:54:27,706 - WARNING - Folder for individual 'Mutesasira Mary' not found in parish 'Lower Namirembe,'. Attempt 1.
2024-09-26 19:54:27,707 - INFO - Reprocessing individual E. Namagembe.
2024-09-26 19:54:27,749 - INFO - Found individual folder for E. Namagembe: /home/demus/Scans_2023 - 2024/Deanery/MRS .E. NAMAGEMBE-F.170
2024-09-26 19:54:27,749 - INFO - Updated individual name with folder name: E. Namagembe (MRS .E. NAMAGEMBE-F.170)
2024-09-26 19:54:27,749 - WARNING - Folder for individual 'E. Namagembe' not found in parish 'Namirembe, Rubaga'. Attempt 1.
2024-09-26 19:54:27,750 - INFO - Individual Bwanika Moses already processed. Skipping.
2024-09-26 19:54:27,750 - INFO - Reprocessing individual G.N. Mayanja.
2024-09-26 19:54:27,797 - INFO - Reprocessing individual George Willys Mawejje.
2024-09-26 19:54:27,888 - INFO - Reprocessing individual Kaihura Veronica.
2024-09-26 19:54:27,941 - INFO - Reprocessing individual S.M.M Gladys Mpalanyi.
2024-09-26 19:54:27,982 - INFO - Found individual folder for S.M.M Gladys Mpalanyi: /home/demus/Scans_2023 - 2024/Mengo Arch/MR. S.M.M AND GLADYS MPALANYI 177
2024-09-26 19:54:27,982 - INFO - Updated individual name with folder name: S.M.M Gladys Mpalanyi (MR. S.M.M AND GLADYS MPALANYI 177)
2024-09-26 19:54:27,982 - WARNING - Folder for individual 'S.M.M Gladys Mpalanyi' not found in parish 'Mengo – Kakeeka,'. Attempt 1.
2024-09-26 19:54:27,984 - INFO - Reprocessing individual Mohamed Ali.
2024-09-26 19:54:28,047 - INFO - Reprocessing individual L. Masaembe Nteyafa.
2024-09-26 19:54:28,105 - INFO - Reprocessing individual Kwesiga Edison & Kamangiallan Azairwe.
2024-09-26 19:54:28,169 - INFO - Reprocessing individual Edison Kwesiga Mubangizi.
2024-09-26 19:54:28,221 - INFO - Individual John Mugabi already processed. Skipping.
2024-09-26 19:54:28,221 - INFO - Reprocessing individual Mengo Hospital Labour Lines.
2024-09-26 19:54:28,239 - INFO - Found individual folder for Mengo Hospital Labour Lines: /home/demus/Scans_2023 - 2024/Mengo Arch/MENGO
2024-09-26 19:54:28,239 - INFO - Updated individual name with folder name: Mengo Hospital Labour Lines (MENGO)
2024-09-26 19:54:28,239 - WARNING - Folder for individual 'Mengo Hospital Labour Lines' not found in parish 'Namirembe parish'. Attempt 1.
2024-09-26 19:54:28,241 - INFO - Reprocessing individual Mengo Hospital Labour Lines.
2024-09-26 19:54:28,259 - INFO - Found individual folder for Mengo Hospital Labour Lines: /home/demus/Scans_2023 - 2024/Mengo Arch/MENGO
2024-09-26 19:54:28,259 - INFO - Updated individual name with folder name: Mengo Hospital Labour Lines (MENGO)
2024-09-26 19:54:28,259 - WARNING - Folder for individual 'Mengo Hospital Labour Lines' not found in parish 'Mengo, Sentema rd'. Attempt 2.
2024-09-26 19:54:28,260 - INFO - Reprocessing individual Registered Trustees of Mengo Hospital.
2024-09-26 19:54:28,276 - INFO - Found individual folder for Registered Trustees of Mengo Hospital: /home/demus/Scans_2023 - 2024/Mengo Arch/MENGO
2024-09-26 19:54:28,276 - INFO - Updated individual name with folder name: Registered Trustees of Mengo Hospital (MENGO)
2024-09-26 19:54:28,276 - WARNING - Folder for individual 'Registered Trustees of Mengo Hospital' not found in parish 'Kidiba, Lower Mengo, Block 26, P 898'. Attempt 1.
2024-09-26 19:54:28,278 - INFO - Reprocessing individual David Nyende.
2024-09-26 19:54:28,322 - INFO - Found individual folder for David Nyende: /home/demus/Scans_2023 - 2024/Kazo Arch/MR. DAVID NYENDE 186
2024-09-26 19:54:28,323 - INFO - Updated individual name with folder name: David Nyende (MR. DAVID NYENDE 186)
2024-09-26 19:54:28,323 - WARNING - Folder for individual 'David Nyende' not found in parish 'Lower Mengo, Kidiba, B 26, Plot 216'. Attempt 1.
2024-09-26 19:54:28,324 - INFO - Reprocessing individual Fredrick A.G. Semazzi.
2024-09-26 19:54:28,377 - INFO - Reprocessing individual Kasirye Baker.
2024-09-26 19:54:28,425 - INFO - Found individual folder for Kasirye Baker: /home/demus/Scans_2023 - 2024/Kazo Arch/MR KASIRYE BAKER 189
2024-09-26 19:54:28,425 - INFO - Updated individual name with folder name: Kasirye Baker (MR KASIRYE BAKER 189)
2024-09-26 19:54:28,425 - WARNING - Folder for individual 'Kasirye Baker' not found in parish 'Lower Namirembe, B 216, P 218 & 222'. Attempt 1.
2024-09-26 19:54:28,426 - INFO - Reprocessing individual Kaloli Ssekabira.
2024-09-26 19:54:28,477 - INFO - Reprocessing individual MTN Uganda.
2024-09-26 19:54:28,478 - INFO - Found individual folder for MTN Uganda: /home/demus/Scans_2023 - 2024/Gayaza Arch/MTN UGANDA GAYAZA 191 A
2024-09-26 19:54:28,479 - INFO - Updated individual name with folder name: MTN Uganda (MTN UGANDA GAYAZA 191 A)
2024-09-26 19:54:28,479 - WARNING - Folder for individual 'MTN Uganda' not found in parish 'Gayaza, Masuliita Parish'. Attempt 1.
2024-09-26 19:54:28,480 - INFO - Reprocessing individual MTN Uganda.
2024-09-26 19:54:28,481 - INFO - Found individual folder for MTN Uganda: /home/demus/Scans_2023 - 2024/Gayaza Arch/MTN UGANDA GAYAZA 191 A
2024-09-26 19:54:28,481 - INFO - Updated individual name with folder name: MTN Uganda (MTN UGANDA GAYAZA 191 A)
2024-09-26 19:54:28,481 - WARNING - Folder for individual 'MTN Uganda' not found in parish 'Kaboowa Parish'. Attempt 2.
2024-09-26 19:54:28,482 - INFO - Reprocessing individual Rev. I.M.W. Sserwadda.
2024-09-26 19:54:28,526 - INFO - Found individual folder for Rev. I.M.W. Sserwadda: /home/demus/Scans_2023 - 2024/Kazo Arch/REV. ISIRAERI  M.W. SSERWADDA 192 A
2024-09-26 19:54:28,526 - INFO - Updated individual name with folder name: Rev. I.M.W. Sserwadda (REV. ISIRAERI  M.W. SSERWADDA 192 A)
2024-09-26 19:54:28,526 - WARNING - Folder for individual 'Rev. I.M.W. Sserwadda' not found in parish 'Lower Namirembe. B26, P 214'. Attempt 1.
2024-09-26 19:54:28,527 - INFO - Reprocessing individual Alice Kyomuhangi.
2024-09-26 19:54:28,573 - INFO - Found individual folder for Alice Kyomuhangi: /home/demus/Scans_2023 - 2024/Deanery/MS ALICE KYOMUHANGI 192 B
2024-09-26 19:54:28,573 - INFO - Updated individual name with folder name: Alice Kyomuhangi (MS ALICE KYOMUHANGI 192 B)
2024-09-26 19:54:28,573 - WARNING - Folder for individual 'Alice Kyomuhangi' not found in parish 'Lower Namirembe, Plot 805/214'. Attempt 1.
2024-09-26 19:54:28,574 - INFO - Reprocessing individual Ahamed Musisi.
2024-09-26 19:54:28,627 - INFO - Reprocessing individual Kizito Ndiwalana Suudi.
2024-09-26 19:54:28,674 - INFO - Found individual folder for Kizito Ndiwalana Suudi: /home/demus/Scans_2023 - 2024/Kazo Arch/KIZITO NDIWALANA SAUDI 196
2024-09-26 19:54:28,674 - INFO - Updated individual name with folder name: Kizito Ndiwalana Suudi (KIZITO NDIWALANA SAUDI 196)
2024-09-26 19:54:28,674 - WARNING - Folder for individual 'Kizito Ndiwalana Suudi' not found in parish 'Lower Namirembe, B 26, P 220'. Attempt 1.
2024-09-26 19:54:28,675 - INFO - Reprocessing individual Norah Sewanyana.
2024-09-26 19:54:28,732 - INFO - Reprocessing individual Ronald Mikairi Kakande.
2024-09-26 19:54:28,733 - INFO - Found individual folder for Ronald Mikairi Kakande: /home/demus/Scans_2023 - 2024/Gayaza Arch/MR. RONALD MIKARI KAKANDE  198
2024-09-26 19:54:28,733 - INFO - Updated individual name with folder name: Ronald Mikairi Kakande (MR. RONALD MIKARI KAKANDE  198)
2024-09-26 19:54:28,733 - WARNING - Folder for individual 'Ronald Mikairi Kakande' not found in parish 'Bbuye Kigoowa Parish'. Attempt 1.
2024-09-26 19:54:28,734 - INFO - Reprocessing individual J. Serufusa Zaake.
2024-09-26 19:54:28,790 - INFO - Reprocessing individual Barlow Margaret.
2024-09-26 19:54:28,842 - INFO - Reprocessing individual Ssentamu Robert Nathan.
2024-09-26 19:54:28,888 - INFO - Reprocessing individual Community Development Resource Network.
2024-09-26 19:54:28,926 - INFO - Found individual folder for Community Development Resource Network: /home/demus/Scans_2023 - 2024/Other Files/COMMUNITY DEVELPMENT RESOURCE NETWORK 203
2024-09-26 19:54:28,926 - INFO - Updated individual name with folder name: Community Development Resource Network (COMMUNITY DEVELPMENT RESOURCE NETWORK 203)
2024-09-26 19:54:28,926 - WARNING - Folder for individual 'Community Development Resource Network' not found in parish 'Crescent rd, Namirembe B 10, P 433'. Attempt 1.
2024-09-26 19:54:28,927 - INFO - Reprocessing individual Yona Kyazze Nkwangu.
2024-09-26 19:54:28,975 - INFO - Reprocessing individual Evelyn Beatrice Kaggwa.
2024-09-26 19:54:28,987 - INFO - Found individual folder for Evelyn Beatrice Kaggwa: /home/demus/Scans_2023 - 2024/Entebbe Arch/EVERLYN BEATRICE KAGWA 207
2024-09-26 19:54:28,987 - INFO - Updated individual name with folder name: Evelyn Beatrice Kaggwa (EVERLYN BEATRICE KAGWA 207)
2024-09-26 19:54:28,987 - WARNING - Folder for individual 'Evelyn Beatrice Kaggwa' not found in parish 'Sebugwawo rd, Entebbe, Plot 45'. Attempt 1.
2024-09-26 19:54:28,988 - INFO - Reprocessing individual Pola Nantongo.
2024-09-26 19:54:29,029 - INFO - Found individual folder for Pola Nantongo: /home/demus/Scans_2023 - 2024/Kazo Arch/POLA NANTONGO208
2024-09-26 19:54:29,029 - INFO - Updated individual name with folder name: Pola Nantongo (POLA NANTONGO208)
2024-09-26 19:54:29,029 - WARNING - Folder for individual 'Pola Nantongo' not found in parish 'Nviri, Bulange, Block 26, Plot 251'. Attempt 1.
2024-09-26 19:54:29,030 - INFO - Reprocessing individual Sarah Mutesi.
2024-09-26 19:54:29,072 - INFO - Found individual folder for Sarah Mutesi: /home/demus/Scans_2023 - 2024/Kazo Arch/MRS SARAH MUTESI 208 B
2024-09-26 19:54:29,072 - INFO - Updated individual name with folder name: Sarah Mutesi (MRS SARAH MUTESI 208 B)
2024-09-26 19:54:29,072 - WARNING - Folder for individual 'Sarah Mutesi' not found in parish 'Nviri, Bulange, Block 26, Plot 253'. Attempt 1.
2024-09-26 19:54:29,073 - INFO - Reprocessing individual Scripture Union.
2024-09-26 19:54:29,112 - INFO - Found individual folder for Scripture Union: /home/demus/Scans_2023 - 2024/Other Files/SCRIPTURE UNION 209
2024-09-26 19:54:29,112 - INFO - Updated individual name with folder name: Scripture Union (SCRIPTURE UNION 209)
2024-09-26 19:54:29,112 - WARNING - Folder for individual 'Scripture Union' not found in parish 'Nakulabye - Hoima rd'. Attempt 1.
2024-09-26 19:54:29,113 - INFO - Reprocessing individual Robert Sebalu & Michael Sebalu.
2024-09-26 19:54:29,171 - INFO - Reprocessing individual Lydia .Nakamya Zake.
2024-09-26 19:54:29,230 - INFO - Reprocessing individual James Wasula and Family.
2024-09-26 19:54:29,282 - INFO - Reprocessing individual Rev Canon N.K.D.S. Wampamba.
2024-09-26 19:54:29,298 - INFO - Found individual folder for Rev Canon N.K.D.S. Wampamba: /home/demus/Scans_2023 - 2024/Mengo Arch/REV CANON N.K.D.S . WAMPAMBA 213
2024-09-26 19:54:29,298 - INFO - Updated individual name with folder name: Rev Canon N.K.D.S. Wampamba (REV CANON N.K.D.S . WAMPAMBA 213)
2024-09-26 19:54:29,298 - WARNING - Folder for individual 'Rev Canon N.K.D.S. Wampamba' not found in parish 'Sr Apolo Kaggwa road, Makerere, Plot 499'. Attempt 1.
2024-09-26 19:54:29,299 - INFO - Reprocessing individual Nsereko James.
2024-09-26 19:54:29,345 - INFO - Reprocessing individual Mr. & Mrs. Naluswa + 7 others.
2024-09-26 19:54:29,398 - INFO - Reprocessing individual Harriet Nalumaga.
2024-09-26 19:54:29,445 - INFO - Reprocessing individual Saulo Malagwe.
2024-09-26 19:54:29,492 - INFO - Found individual folder for Saulo Malagwe: /home/demus/Scans_2023 - 2024/Kazo Arch/MR. SAULO MALAGWE 219
2024-09-26 19:54:29,492 - INFO - Updated individual name with folder name: Saulo Malagwe (MR. SAULO MALAGWE 219)
2024-09-26 19:54:29,492 - WARNING - Folder for individual 'Saulo Malagwe' not found in parish 'Nviri Bulange, Block 26, Plot 235'. Attempt 1.
2024-09-26 19:54:29,494 - INFO - Individual John Ssebaana Kizito already processed. Skipping.
2024-09-26 19:54:29,494 - INFO - Reprocessing individual Miss Edith Babirye Nsibirwa.
2024-09-26 19:54:29,572 - INFO - Reprocessing individual FUFA - Kampala.
2024-09-26 19:54:29,618 - INFO - Found individual folder for FUFA - Kampala: /home/demus/Scans_2023 - 2024/Deanery/FUFA KAMPALA 222
2024-09-26 19:54:29,618 - INFO - Updated individual name with folder name: FUFA - Kampala (FUFA KAMPALA 222)
2024-09-26 19:54:29,618 - WARNING - Folder for individual 'FUFA - Kampala' not found in parish 'Kadiba, Namirembe, Block 8/Plot 879'. Attempt 1.
2024-09-26 19:54:29,619 - INFO - Individual S.H.K. Njuki already processed. Skipping.
2024-09-26 19:54:29,619 - INFO - Reprocessing individual Margaret.M. Namiro.
2024-09-26 19:54:29,673 - INFO - Reprocessing individual Margaret Nsubuga.
2024-09-26 19:54:29,720 - INFO - Reprocessing individual Namirembe Hill Propoerties Ltd.
2024-09-26 19:54:29,769 - INFO - Found individual folder for Namirembe Hill Propoerties Ltd: /home/demus/Scans_2023 - 2024/Deanery/NAMIREMBE HILL 35
2024-09-26 19:54:29,769 - INFO - Updated individual name with folder name: Namirembe Hill Propoerties Ltd (NAMIREMBE HILL 35)
2024-09-26 19:54:29,769 - WARNING - Folder for individual 'Namirembe Hill Propoerties Ltd' not found in parish 'Kibuga, Namirembe, Block 10, P 527'. Attempt 1.
2024-09-26 19:54:29,770 - INFO - Reprocessing individual Gerald Kayondo.
2024-09-26 19:54:29,816 - INFO - Found individual folder for Gerald Kayondo: /home/demus/Scans_2023 - 2024/Deanery/MR GERALD M.K. KAYONDO 230
2024-09-26 19:54:29,816 - INFO - Updated individual name with folder name: Gerald Kayondo (MR GERALD M.K. KAYONDO 230)
2024-09-26 19:54:29,817 - WARNING - Folder for individual 'Gerald Kayondo' not found in parish 'Balintuma road, Block 10, Plot 589'. Attempt 1.
2024-09-26 19:54:29,818 - INFO - Reprocessing individual Frank Kayondo.
2024-09-26 19:54:29,860 - INFO - Found individual folder for Frank Kayondo: /home/demus/Scans_2023 - 2024/Kazo Arch/MR FRANK KAYONDO 829
2024-09-26 19:54:29,860 - INFO - Updated individual name with folder name: Frank Kayondo (MR FRANK KAYONDO 829)
2024-09-26 19:54:29,860 - WARNING - Folder for individual 'Frank Kayondo' not found in parish 'Nakulabye, Namirembe, 10/587'. Attempt 1.
2024-09-26 19:54:29,861 - INFO - Reprocessing individual Bruno Sserunkuma.
2024-09-26 19:54:29,907 - INFO - Individual Sarah Nabidandi already processed. Skipping.
2024-09-26 19:54:29,908 - INFO - Reprocessing individual Christopher Ntabaazi (Late).
2024-09-26 19:54:30,001 - INFO - Individual Juliet Nanziri & Sarah Namayanja already processed. Skipping.
2024-09-26 19:54:30,002 - INFO - Reprocessing individual Eng. Dr. John Kisa Kayiwa.
2024-09-26 19:54:30,053 - INFO - Reprocessing individual Fauziya Ahamed Shieki.
2024-09-26 19:54:30,102 - INFO - Reprocessing individual Margaret Feibe Nakamate.
2024-09-26 19:54:30,154 - INFO - Reprocessing individual Moses Walugembe & Grace Walugembe.
2024-09-26 19:54:30,200 - INFO - Found individual folder for Moses Walugembe & Grace Walugembe: /home/demus/Scans_2023 - 2024/Deanery/MR. MOSES WALUGEMBE AND GRACE WALUGEMBE   238 B
2024-09-26 19:54:30,200 - INFO - Updated individual name with folder name: Moses Walugembe & Grace Walugembe (MR. MOSES WALUGEMBE AND GRACE WALUGEMBE   238 B)
2024-09-26 19:54:30,200 - WARNING - Folder for individual 'Moses Walugembe & Grace Walugembe' not found in parish 'Balintuma rd, Namirembe'. Attempt 1.
2024-09-26 19:54:30,201 - INFO - Reprocessing individual Elizabeth Alistair Nsubuga.
2024-09-26 19:54:30,252 - INFO - Found individual folder for Elizabeth Alistair Nsubuga: /home/demus/Scans_2023 - 2024/Kazo Arch/ELIZABETH ALISTAIR NSUBUGA 239
2024-09-26 19:54:30,252 - INFO - Updated individual name with folder name: Elizabeth Alistair Nsubuga (ELIZABETH ALISTAIR NSUBUGA 239)
2024-09-26 19:54:30,252 - WARNING - Folder for individual 'Elizabeth Alistair Nsubuga' not found in parish 'Nviri Bulange, Block 26, Plot 234'. Attempt 1.
2024-09-26 19:54:30,253 - INFO - Reprocessing individual Charles Zibalaba Nandigobe.
2024-09-26 19:54:30,289 - INFO - Found individual folder for Charles Zibalaba Nandigobe: /home/demus/Scans_2023 - 2024/Luzira Arch/CHARLES ZIBALABA NANDIGOBE 240
2024-09-26 19:54:30,289 - INFO - Updated individual name with folder name: Charles Zibalaba Nandigobe (CHARLES ZIBALABA NANDIGOBE 240)
2024-09-26 19:54:30,289 - WARNING - Folder for individual 'Charles Zibalaba Nandigobe' not found in parish 'Balintuma rd, Namirembe, 10/442'. Attempt 1.
2024-09-26 19:54:30,290 - INFO - Reprocessing individual Winnie Namukasa.
2024-09-26 19:54:30,348 - INFO - Reprocessing individual Joyce Nanyonga.
2024-09-26 19:54:30,449 - INFO - Individual J.T. Nabawanuka already processed. Skipping.
2024-09-26 19:54:30,450 - INFO - Reprocessing individual Kinobe Serunkuma Michael Bruno.
2024-09-26 19:54:30,497 - INFO - Individual David Kalyango already processed. Skipping.
2024-09-26 19:54:30,498 - INFO - Individual Dan .M. Walakira already processed. Skipping.
2024-09-26 19:54:30,498 - INFO - Reprocessing individual Mugabe Robert.
2024-09-26 19:54:30,546 - INFO - Reprocessing individual Family of the Late Obadiah.
2024-09-26 19:54:30,595 - INFO - Reprocessing individual Uganda Consolidated Properties.
2024-09-26 19:54:30,642 - INFO - Found individual folder for Uganda Consolidated Properties: /home/demus/Scans_2023 - 2024/Closed Files/UGANDA CONSOLIDATED PROPERTIES  252
2024-09-26 19:54:30,642 - INFO - Updated individual name with folder name: Uganda Consolidated Properties (UGANDA CONSOLIDATED PROPERTIES  252)
2024-09-26 19:54:30,642 - WARNING - Folder for individual 'Uganda Consolidated Properties' not found in parish 'Balintuma rd, Namirembe Block 10/ Plot 441'. Attempt 1.
2024-09-26 19:54:30,644 - INFO - Individual Moses Kivumbi already processed. Skipping.
2024-09-26 19:54:30,644 - INFO - Reprocessing individual Uganda Women's Network (UWONET).
2024-09-26 19:54:30,691 - INFO - Found individual folder for Uganda Women's Network (UWONET): /home/demus/Scans_2023 - 2024/Other Files/UGANDA WOMENS NETWORK [UWONET]  253 B
2024-09-26 19:54:30,691 - INFO - Updated individual name with folder name: Uganda Women's Network (UWONET) (UGANDA WOMENS NETWORK [UWONET]  253 B)
2024-09-26 19:54:30,691 - WARNING - Folder for individual 'Uganda Women's Network (UWONET)' not found in parish 'Kibuga, Namirembe, Block 10, P 527'. Attempt 1.
2024-09-26 19:54:30,692 - INFO - Reprocessing individual Rev Stanley Tindyebwa.
2024-09-26 19:54:30,725 - INFO - Found individual folder for Rev Stanley Tindyebwa: /home/demus/Scans_2023 - 2024/Luzira Arch/REV; STANLEY TINDYEBWA 254
2024-09-26 19:54:30,725 - INFO - Updated individual name with folder name: Rev Stanley Tindyebwa (REV; STANLEY TINDYEBWA 254)
2024-09-26 19:54:30,725 - WARNING - Folder for individual 'Rev Stanley Tindyebwa' not found in parish 'Balintuma road, Block 10, Plot 589'. Attempt 1.
2024-09-26 19:54:30,726 - INFO - Reprocessing individual Nakawa Gift T.
2024-09-26 19:54:30,773 - INFO - Reprocessing individual Kicha .R.D. General.
2024-09-26 19:54:30,821 - INFO - Individual Lower Namirembe, General file already processed. Skipping.
2024-09-26 19:54:30,822 - INFO - Individual Uganda Land Commission already processed. Skipping.
2024-09-26 19:54:30,869 - INFO - Reprocessing individual Jamada Kafeero.
2024-09-26 19:54:30,915 - INFO - Reprocessing individual Haslim Hassan & Faisal M Benzimel.
2024-09-26 19:54:30,961 - INFO - Found individual folder for Haslim Hassan & Faisal M Benzimel: /home/demus/Scans_2023 - 2024/Deanery/FAISAL.M. BENZIMEH AND HASHIM HASSAN 262
2024-09-26 19:54:30,961 - INFO - Updated individual name with folder name: Haslim Hassan & Faisal M Benzimel (FAISAL.M. BENZIMEH AND HASHIM HASSAN 262)
2024-09-26 19:54:30,961 - WARNING - Folder for individual 'Haslim Hassan & Faisal M Benzimel' not found in parish 'Kitakule Crescent, Namirembe 10/697'. Attempt 1.
2024-09-26 19:54:30,962 - INFO - Reprocessing individual Charles Mutaawe.
2024-09-26 19:54:30,977 - INFO - Found individual folder for Charles Mutaawe: /home/demus/Scans_2023 - 2024/Mengo Arch/CHARLES MUTAAWE 264
2024-09-26 19:54:30,977 - INFO - Updated individual name with folder name: Charles Mutaawe (CHARLES MUTAAWE 264)
2024-09-26 19:54:30,977 - WARNING - Folder for individual 'Charles Mutaawe' not found in parish 'Balintuma rd, Namirembe 10/698'. Attempt 1.
2024-09-26 19:54:30,978 - INFO - Reprocessing individual M.K. Kigongo Silas.
2024-09-26 19:54:31,030 - INFO - Found individual folder for M.K. Kigongo Silas: /home/demus/Scans_2023 - 2024/Deanery/M.K. KIGONGO SILAS 265
2024-09-26 19:54:31,030 - INFO - Updated individual name with folder name: M.K. Kigongo Silas (M.K. KIGONGO SILAS 265)
2024-09-26 19:54:31,030 - WARNING - Folder for individual 'M.K. Kigongo Silas' not found in parish 'Grace rd - Namirembe, Block 10/427'. Attempt 1.
2024-09-26 19:54:31,031 - INFO - Reprocessing individual Ladah Kassam & Co. Limited.
2024-09-26 19:54:31,090 - INFO - Reprocessing individual Ruth Tomusange, MDT Fashions.
2024-09-26 19:54:31,150 - INFO - Reprocessing individual Nakimbugwe Hamidah.
2024-09-26 19:54:31,200 - INFO - Reprocessing individual NGE - NGE Limited.
2024-09-26 19:54:31,251 - INFO - Reprocessing individual Ndejje University.
2024-09-26 19:54:31,295 - INFO - Found individual folder for Ndejje University: /home/demus/Scans_2023 - 2024/Deanery/NDEJJE UNIVERSITY  214 B
2024-09-26 19:54:31,295 - INFO - Updated individual name with folder name: Ndejje University (NDEJJE UNIVERSITY  214 B)
2024-09-26 19:54:31,295 - WARNING - Folder for individual 'Ndejje University' not found in parish 'Balintuma road, Block 10, Plot 151'. Attempt 1.
2024-09-26 19:54:31,296 - INFO - Reprocessing individual Mohammed Mbabazi.
2024-09-26 19:54:31,297 - INFO - Found individual folder for Mohammed Mbabazi: /home/demus/Scans_2023 - 2024/Gayaza Arch/MR MOHAMMED MBABAZI 593
2024-09-26 19:54:31,297 - INFO - Updated individual name with folder name: Mohammed Mbabazi (MR MOHAMMED MBABAZI 593)
2024-09-26 19:54:31,297 - WARNING - Folder for individual 'Mohammed Mbabazi' not found in parish 'Albert Cook road, Mengo, Block 10, Plot 227'. Attempt 1.
2024-09-26 19:54:31,298 - INFO - Reprocessing individual Alderbridge Real Estate.
2024-09-26 19:54:31,350 - INFO - Reprocessing individual Gulamhusein Ebrahimji Kulsumbai.
2024-09-26 19:54:31,383 - INFO - Found individual folder for Gulamhusein Ebrahimji Kulsumbai: /home/demus/Scans_2023 - 2024/Luzira Arch/MISS. J. T. NABAWANUKA 244/GULAMHUSEIN EBRAHIMJI  278
2024-09-26 19:54:31,383 - INFO - Updated individual name with folder name: Gulamhusein Ebrahimji Kulsumbai (GULAMHUSEIN EBRAHIMJI  278)
2024-09-26 19:54:31,383 - WARNING - Folder for individual 'Gulamhusein Ebrahimji Kulsumbai' not found in parish 'Commercial Street, Nakawa, Plot 54'. Attempt 1.
2024-09-26 19:54:31,384 - INFO - Reprocessing individual Hosea Nangiibwa Mutyaba.
2024-09-26 19:54:31,429 - INFO - Found individual folder for Hosea Nangiibwa Mutyaba: /home/demus/Scans_2023 - 2024/Deanery/MR HOSEA NANGIIBWA MUTYABA 279
2024-09-26 19:54:31,429 - INFO - Updated individual name with folder name: Hosea Nangiibwa Mutyaba (MR HOSEA NANGIIBWA MUTYABA 279)
2024-09-26 19:54:31,429 - WARNING - Folder for individual 'Hosea Nangiibwa Mutyaba' not found in parish 'Rubaga, Plot 302'. Attempt 1.
2024-09-26 19:54:31,430 - INFO - Reprocessing individual A.B. Lule.
2024-09-26 19:54:31,503 - INFO - Reprocessing individual John Kasujju.
2024-09-26 19:54:31,528 - INFO - Found individual folder for John Kasujju: /home/demus/Scans_2023 - 2024/Mengo Arch/JOHN KASUJJU 282
2024-09-26 19:54:31,528 - INFO - Updated individual name with folder name: John Kasujju (JOHN KASUJJU 282)
2024-09-26 19:54:31,528 - WARNING - Folder for individual 'John Kasujju' not found in parish 'Rubaga, Block 16, Plot 306'. Attempt 1.
2024-09-26 19:54:31,530 - INFO - Reprocessing individual Livingstone Mpoza.
2024-09-26 19:54:31,583 - INFO - Found individual folder for Livingstone Mpoza: /home/demus/Scans_2023 - 2024/Deanery/LIVINGSTONE  NPOZA 283
2024-09-26 19:54:31,583 - INFO - Updated individual name with folder name: Livingstone Mpoza (LIVINGSTONE  NPOZA 283)
2024-09-26 19:54:31,583 - WARNING - Folder for individual 'Livingstone Mpoza' not found in parish 'Rubaga, Block 16, Plot 295'. Attempt 1.
2024-09-26 19:54:31,584 - INFO - Reprocessing individual Robert Mulindwa.
2024-09-26 19:54:31,631 - INFO - Reprocessing individual Semeyi.H. Njovu C/o NAC Rubaga.
2024-09-26 19:54:31,687 - INFO - Reprocessing individual Rev. Paul Muwanguzi Sentamu.
2024-09-26 19:54:31,735 - INFO - Reprocessing individual Mengo S.S / Everlyne Naume Mpagi.
2024-09-26 19:54:31,751 - INFO - Found individual folder for Mengo S.S / Everlyne Naume Mpagi: /home/demus/Scans_2023 - 2024/Mengo Arch/MENGO
2024-09-26 19:54:31,751 - INFO - Updated individual name with folder name: Mengo S.S / Everlyne Naume Mpagi (MENGO)
2024-09-26 19:54:31,751 - WARNING - Folder for individual 'Mengo S.S / Everlyne Naume Mpagi' not found in parish 'Grace road, Block 10, Plot 1336'. Attempt 1.
2024-09-26 19:54:31,752 - INFO - Reprocessing individual Hon Lady Justice Mpagi Bahigeine.
2024-09-26 19:54:31,803 - INFO - Found individual folder for Hon Lady Justice Mpagi Bahigeine: /home/demus/Scans_2023 - 2024/Deanery/HON LADY JUSTICE MPAGI BAHIGEINE 287 B
2024-09-26 19:54:31,803 - INFO - Updated individual name with folder name: Hon Lady Justice Mpagi Bahigeine (HON LADY JUSTICE MPAGI BAHIGEINE 287 B)
2024-09-26 19:54:31,803 - WARNING - Folder for individual 'Hon Lady Justice Mpagi Bahigeine' not found in parish 'Details as above'. Attempt 1.
2024-09-26 19:54:31,804 - INFO - Reprocessing individual R. Kiberu.
2024-09-26 19:54:31,850 - INFO - Reprocessing individual Namba Gift.
2024-09-26 19:54:31,884 - INFO - Found individual folder for Namba Gift: /home/demus/Scans_2023 - 2024/Other Files/NAMBA GIFT 289
2024-09-26 19:54:31,885 - INFO - Updated individual name with folder name: Namba Gift (NAMBA GIFT 289)
2024-09-26 19:54:31,885 - WARNING - Folder for individual 'Namba Gift' not found in parish 'Plot 289'. Attempt 1.
2024-09-26 19:54:31,886 - INFO - Reprocessing individual NAC.
2024-09-26 19:54:31,976 - INFO - Found individual folder for Timothy Kigula: /home/demus/Scans_2023 - 2024/Deanery/MR TIMOTHY KIGULA MPANGA TOMUSANGE  129
2024-09-26 19:54:31,976 - INFO - Updated individual name with folder name: Timothy Kigula (MR TIMOTHY KIGULA MPANGA TOMUSANGE  129)
2024-09-26 19:54:31,976 - WARNING - Folder for individual 'Timothy Kigula' not found in parish 'Namirembe, Plots 211/422/528'. Attempt 1.
2024-09-26 19:54:31,977 - INFO - Reprocessing individual Mr. Luka Kirumira Kalule.
2024-09-26 19:54:31,993 - INFO - Found individual folder for Mr. Luka Kirumira Kalule: /home/demus/Scans_2023 - 2024/Mengo Arch/MR LUKA KIRUMIRA 292
2024-09-26 19:54:31,993 - INFO - Updated individual name with folder name: Mr. Luka Kirumira Kalule (MR LUKA KIRUMIRA 292)
2024-09-26 19:54:31,993 - WARNING - Folder for individual 'Mr. Luka Kirumira Kalule' not found in parish 'Lukuli, Block 253, Plot 1474'. Attempt 1.
2024-09-26 19:54:31,994 - INFO - Reprocessing individual Ms. Fatmai Kassam Virgi.
2024-09-26 19:54:32,046 - INFO - Reprocessing individual Abraham Byadaala.
2024-09-26 19:54:32,093 - INFO - Reprocessing individual Rev. Can David Serubidde.
2024-09-26 19:54:32,105 - INFO - Found individual folder for Rev. Can David Serubidde: /home/demus/Scans_2023 - 2024/Entebbe Arch/REV CANON DAUDI SERUBIDDE 296
2024-09-26 19:54:32,105 - INFO - Updated individual name with folder name: Rev. Can David Serubidde (REV CANON DAUDI SERUBIDDE 296)
2024-09-26 19:54:32,105 - WARNING - Folder for individual 'Rev. Can David Serubidde' not found in parish 'Bugiri, Entebbe'. Attempt 1.
2024-09-26 19:54:32,106 - INFO - Reprocessing individual Rt. Rev. Geoffrey Rwubusisi.
2024-09-26 19:54:32,161 - INFO - Reprocessing individual Francis Atoke & Irene Florence Akoli.
2024-09-26 19:54:32,211 - INFO - Reprocessing individual Joseph Richard Kanyike.
2024-09-26 19:54:32,263 - INFO - Reprocessing individual Florence Muimbwa.
2024-09-26 19:54:32,307 - INFO - Found individual folder for Florence Muimbwa: /home/demus/Scans_2023 - 2024/Deanery/MRS FLORENCE MUIMBWA 310
2024-09-26 19:54:32,307 - INFO - Updated individual name with folder name: Florence Muimbwa (MRS FLORENCE MUIMBWA 310)
2024-09-26 19:54:32,307 - WARNING - Folder for individual 'Florence Muimbwa' not found in parish 'Rubaga, Plot 307'. Attempt 1.
2024-09-26 19:54:32,308 - INFO - Reprocessing individual Sarah Kiwanuka.
2024-09-26 19:54:32,356 - INFO - Found individual folder for Sarah Kiwanuka: /home/demus/Scans_2023 - 2024/Deanery/SARAH KIWANUKA 312 B
2024-09-26 19:54:32,356 - INFO - Updated individual name with folder name: Sarah Kiwanuka (SARAH KIWANUKA 312 B)
2024-09-26 19:54:32,356 - WARNING - Folder for individual 'Sarah Kiwanuka' not found in parish 'Kyadondo road, Block 10, Plot 1347'. Attempt 1.
2024-09-26 19:54:32,357 - INFO - Reprocessing individual U.E.B.
2024-09-26 19:54:32,391 - INFO - Found individual folder for U.E.B: /home/demus/Scans_2023 - 2024/Other Files/U.E.B 320
2024-09-26 19:54:32,391 - INFO - Updated individual name with folder name: U.E.B (U.E.B 320)
2024-09-26 19:54:32,391 - WARNING - Folder for individual 'U.E.B' not found in parish 'Bbuye Kigoowa Parish'. Attempt 1.
2024-09-26 19:54:32,392 - INFO - Individual James Kaddu already processed. Skipping.
2024-09-26 19:54:32,393 - INFO - Individual James Kaddu already processed. Skipping.
2024-09-26 19:54:32,393 - INFO - Reprocessing individual Thereza Kayondo.
2024-09-26 19:54:32,436 - INFO - Found individual folder for Thereza Kayondo: /home/demus/Scans_2023 - 2024/Deanery/THEREZA KAYONDO 333
2024-09-26 19:54:32,436 - INFO - Updated individual name with folder name: Thereza Kayondo (THEREZA KAYONDO 333)
2024-09-26 19:54:32,436 - WARNING - Folder for individual 'Thereza Kayondo' not found in parish 'Balintuma rd, Namirembe 10/431'. Attempt 1.
2024-09-26 19:54:32,437 - INFO - Reprocessing individual Kalema Chris & Fabian Kasi.
2024-09-26 19:54:32,486 - INFO - Reprocessing individual Yunusu W.K. Sebaggala.
2024-09-26 19:54:32,534 - INFO - Reprocessing individual Namirembe USCHA Hostel, C/o Mr. Katuku.
2024-09-26 19:54:32,589 - INFO - Reprocessing individual William Fredrick Ssali of Nviri Bulange.
2024-09-26 19:54:32,643 - INFO - Reprocessing individual Mutebi Sewava Ibrahim.
2024-09-26 19:54:32,690 - INFO - Found individual folder for Mutebi Sewava Ibrahim: /home/demus/Scans_2023 - 2024/Deanery/MR. MUTEBI SEWAVU IBRAHIM 447
2024-09-26 19:54:32,690 - INFO - Updated individual name with folder name: Mutebi Sewava Ibrahim (MR. MUTEBI SEWAVU IBRAHIM 447)
2024-09-26 19:54:32,690 - WARNING - Folder for individual 'Mutebi Sewava Ibrahim' not found in parish 'Kakeeka after Fufa Hse, Block 8/Plot 883'. Attempt 1.
2024-09-26 19:54:32,756 - INFO - Found individual folder for Mr. Grace Sinabulya & Evelyn Sinabulya: /home/demus/Scans_2023 - 2024/Nateete Arch/MR GRACE SINABULYA AND EVELNY SINABULYA 468
2024-09-26 19:54:32,756 - INFO - Updated individual name with folder name: Mr. Grace Sinabulya & Evelyn Sinabulya (MR GRACE SINABULYA AND EVELNY SINABULYA 468)
2024-09-26 19:54:32,756 - INFO - Match found: Archdeaconry 'Nateete Arch', Parish 'Busega Parish' for individual 'Mr. Grace Sinabulya & Evelyn Sinabulya'.
2024-09-26 19:54:32,758 - INFO - Folder '/home/demus/Downloads/Organized_Scans/Nateete Arch/Busega Parish/MR GRACE SINABULYA AND EVELNY SINABULYA 468' already exists for individual 'Mr. Grace Sinabulya & Evelyn Sinabulya'. Logging and skipping.
2024-09-26 19:54:32,793 - INFO - Found individual folder for Wakiso District Council: /home/demus/Scans_2023 - 2024/Other Files/WAKISO DISTRICT COUNCIL 472
2024-09-26 19:54:32,793 - INFO - Updated individual name with folder name: Wakiso District Council (WAKISO DISTRICT COUNCIL 472)
2024-09-26 19:54:32,793 - WARNING - Folder for individual 'Wakiso District Council' not found in parish 'Bugiri, Block 430, Plot 27'. Attempt 1.
2024-09-26 19:54:32,812 - INFO - Found individual folder for Godfrey Kataleka: /home/demus/Scans_2023 - 2024/Nateete Arch/GODFREY.KATALEKA.F.475
2024-09-26 19:54:32,812 - INFO - Updated individual name with folder name: Godfrey Kataleka (GODFREY.KATALEKA.F.475)
2024-09-26 19:54:32,812 - INFO - Match found: Archdeaconry 'Nateete Arch', Parish 'Busega Parish' for individual 'Godfrey Kataleka'.
2024-09-26 19:54:32,812 - INFO - Folder '/home/demus/Downloads/Organized_Scans/Nateete Arch/Busega Parish/GODFREY.KATALEKA.F.475' already exists for individual 'Godfrey Kataleka'. Logging and skipping.
2024-09-26 19:54:32,836 - INFO - Found individual folder for Mr & Mrs. Makumbi: /home/demus/Scans_2023 - 2024/Nateete Arch/MR MRS MAKUMBI
2024-09-26 19:54:32,836 - INFO - Updated individual name with folder name: Mr & Mrs. Makumbi (MR MRS MAKUMBI)
2024-09-26 19:54:32,836 - INFO - Match found: Archdeaconry 'Nateete Arch', Parish 'Busega Parish' for individual 'Mr & Mrs. Makumbi'.
2024-09-26 19:54:32,836 - INFO - Folder '/home/demus/Downloads/Organized_Scans/Nateete Arch/Busega Parish/MR MRS MAKUMBI' already exists for individual 'Mr & Mrs. Makumbi'. Logging and skipping.
2024-09-26 19:54:32,856 - INFO - Found individual folder for Annet Nanyonga: /home/demus/Scans_2023 - 2024/Nateete Arch/ANNET NANYONGO 477
2024-09-26 19:54:32,856 - INFO - Updated individual name with folder name: Annet Nanyonga (ANNET NANYONGO 477)
2024-09-26 19:54:32,856 - INFO - Match found: Archdeaconry 'Nateete Arch', Parish 'Busega Parish' for individual 'Annet Nanyonga'.
2024-09-26 19:54:32,856 - INFO - Folder '/home/demus/Downloads/Organized_Scans/Nateete Arch/Busega Parish/ANNET NANYONGO 477' already exists for individual 'Annet Nanyonga'. Logging and skipping.
2024-09-26 19:54:32,858 - INFO - Found individual folder for Mr. Mutanda Blasius: /home/demus/Scans_2023 - 2024/Gayaza Arch/MR MUTANDA BLASIUS 482
2024-09-26 19:54:32,858 - INFO - Updated individual name with folder name: Mr. Mutanda Blasius (MR MUTANDA BLASIUS 482)
2024-09-26 19:54:32,858 - INFO - Match found: Archdeaconry 'Gayaza Arch', Parish 'Gayaza Parish' for individual 'Mr. Mutanda Blasius'.
2024-09-26 19:54:32,859 - INFO - Folder '/home/demus/Downloads/Organized_Scans/Gayaza Arch/Gayaza Parish/MR MUTANDA BLASIUS 482' already exists for individual 'Mr. Mutanda Blasius'. Logging and skipping.
2024-09-26 19:54:32,905 - INFO - Found individual folder for Phoebe Mary Mirembe Milles: /home/demus/Scans_2023 - 2024/Deanery/PHOEBE MARY MIREMBE MILLES 503
2024-09-26 19:54:32,905 - INFO - Updated individual name with folder name: Phoebe Mary Mirembe Milles (PHOEBE MARY MIREMBE MILLES 503)
2024-09-26 19:54:32,905 - WARNING - Folder for individual 'Phoebe Mary Mirembe Milles' not found in parish 'Sentema rd - Kibuga, Block 26, Plot 895'. Attempt 1.
2024-09-26 19:54:32,923 - INFO - Found individual folder for Dr. Ronald Kasolo: /home/demus/Scans_2023 - 2024/Nateete Arch/DR RONALD KISOLO 518
2024-09-26 19:54:32,924 - INFO - Updated individual name with folder name: Dr. Ronald Kasolo (DR RONALD KISOLO 518)
2024-09-26 19:54:32,924 - INFO - Match found: Archdeaconry 'Nateete Arch', Parish 'Busega Parish' for individual 'Dr. Ronald Kasolo'.
2024-09-26 19:54:32,924 - INFO - Folder '/home/demus/Downloads/Organized_Scans/Nateete Arch/Busega Parish/DR RONALD KISOLO 518' already exists for individual 'Dr. Ronald Kasolo'. Logging and skipping.
2024-09-26 19:54:32,942 - INFO - Found individual folder for Godfrey Wamala Kitandwe: /home/demus/Scans_2023 - 2024/Nateete Arch/WARID TELECOME LTD FROM MR GODFREY WAMALA KITANDWE 684
2024-09-26 19:54:32,942 - INFO - Updated individual name with folder name: Godfrey Wamala Kitandwe (WARID TELECOME LTD FROM MR GODFREY WAMALA KITANDWE 684)
2024-09-26 19:54:32,942 - INFO - Match found: Archdeaconry 'Nateete Arch', Parish 'Busega Parish' for individual 'Godfrey Wamala Kitandwe'.
2024-09-26 19:54:32,942 - INFO - Folder '/home/demus/Downloads/Organized_Scans/Nateete Arch/Busega Parish/WARID TELECOME LTD FROM MR GODFREY WAMALA KITANDWE 684' already exists for individual 'Godfrey Wamala Kitandwe'. Logging and skipping.
2024-09-26 19:54:32,974 - INFO - Found individual folder for Hon. Betty Akech Okullo: /home/demus/Scans_2023 - 2024/Luzira Arch/HON; BETTY AKECH OKULLO 527
2024-09-26 19:54:32,974 - INFO - Updated individual name with folder name: Hon. Betty Akech Okullo (HON; BETTY AKECH OKULLO 527)
2024-09-26 19:54:32,974 - INFO - Match found: Archdeaconry 'Luzira Arch', Parish 'Mbuya Parish' for individual 'Hon. Betty Akech Okullo'.
2024-09-26 19:54:32,975 - INFO - Folder '/home/demus/Downloads/Organized_Scans/Luzira Arch/Mbuya Parish/HON; BETTY AKECH OKULLO 527' already exists for individual 'Hon. Betty Akech Okullo'. Logging and skipping.
2024-09-26 19:54:32,993 - INFO - Found individual folder for Dorothy Mukasa Sentongo: /home/demus/Scans_2023 - 2024/Nateete Arch/MRS DOROTHY MUKASA SENTONGO 530
2024-09-26 19:54:32,993 - INFO - Updated individual name with folder name: Dorothy Mukasa Sentongo (MRS DOROTHY MUKASA SENTONGO 530)
2024-09-26 19:54:32,993 - INFO - Match found: Archdeaconry 'Nateete Arch', Parish 'Busega Parish' for individual 'Dorothy Mukasa Sentongo'.
2024-09-26 19:54:32,993 - INFO - Folder '/home/demus/Downloads/Organized_Scans/Nateete Arch/Busega Parish/MRS DOROTHY MUKASA SENTONGO 530' already exists for individual 'Dorothy Mukasa Sentongo'. Logging and skipping.
2024-09-26 19:54:33,056 - INFO - Found individual folder for Sarah Nambalirwa: /home/demus/Scans_2023 - 2024/Mengo Arch/SARAH NAMBALIRWA 536 B
2024-09-26 19:54:33,056 - INFO - Updated individual name with folder name: Sarah Nambalirwa (SARAH NAMBALIRWA 536 B)
2024-09-26 19:54:33,056 - WARNING - Folder for individual 'Sarah Nambalirwa' not found in parish 'Lubowa, Block 269, Plot 1987'. Attempt 1.
2024-09-26 19:54:33,213 - INFO - Found individual folder for Bataringaya Henry: /home/demus/Scans_2023 - 2024/Luzira Arch/MR BATARINGAYA HENRY 576
2024-09-26 19:54:33,213 - INFO - Updated individual name with folder name: Bataringaya Henry (MR BATARINGAYA HENRY 576)
2024-09-26 19:54:33,213 - INFO - Match found: Archdeaconry 'Luzira Arch', Parish 'Mbuya Parish' for individual 'Bataringaya Henry'.
2024-09-26 19:54:33,213 - INFO - Folder '/home/demus/Downloads/Organized_Scans/Luzira Arch/Mbuya Parish/MR BATARINGAYA HENRY 576' already exists for individual 'Bataringaya Henry'. Logging and skipping.
2024-09-26 19:54:33,283 - INFO - Found individual folder for Patrick Wampande Telicha: /home/demus/Scans_2023 - 2024/Entebbe Arch/PATRICK WAMPANDE TELICHA 580 A
2024-09-26 19:54:33,283 - INFO - Updated individual name with folder name: Patrick Wampande Telicha (PATRICK WAMPANDE TELICHA 580 A)
2024-09-26 19:54:33,283 - WARNING - Folder for individual 'Patrick Wampande Telicha' not found in parish 'Mwesigwa rd, Katabi Hill, Plot 3'. Attempt 1.
2024-09-26 19:54:33,552 - INFO - Found individual folder for Lwanga Henry: /home/demus/Scans_2023 - 2024/Nateete Arch/Busega/MS LWANGA HENRY 635
2024-09-26 19:54:33,552 - INFO - Updated individual name with folder name: Lwanga Henry (MS LWANGA HENRY 635)
2024-09-26 19:54:33,552 - INFO - Match found: Archdeaconry 'Nateete Arch', Parish 'Busega Parish' for individual 'Lwanga Henry'.
2024-09-26 19:54:33,587 - INFO - Copied individual folder 'MS LWANGA HENRY 635' to '/home/demus/Downloads/Organized_Scans/Nateete Arch/Busega Parish/MS LWANGA HENRY 635'.
2024-09-26 19:54:33,616 - INFO - Updated processed individuals saved to /home/demus/Downloads/processed_individuals.ods
